<?xml version="1.0" encoding="UTF-8"?>
<testng-results skipped="0" failed="0" ignored="0" total="1" passed="1">
  <reporter-output>
  </reporter-output>
  <suite name="Webdriver" duration-ms="88771" started-at="2019-05-13T22:47:20Z" finished-at="2019-05-13T22:48:49Z">
    <groups>
    </groups>
    <test name="test" duration-ms="88771" started-at="2019-05-13T22:47:20Z" finished-at="2019-05-13T22:48:49Z">
      <class name="TestNG.addressbook">
        <test-method status="PASS" signature="launch()[pri:0, instance:TestNG.addressbook@61832929]" name="launch" is-config="true" duration-ms="62848" started-at="2019-05-13T22:47:20Z" finished-at="2019-05-13T22:48:23Z">
          <reporter-output>
          </reporter-output>
        </test-method> <!-- launch -->
        <test-method status="PASS" signature="verifyaddbook()[pri:0, instance:TestNG.addressbook@61832929]" name="verifyaddbook" duration-ms="23339" started-at="2019-05-13T22:48:23Z" finished-at="2019-05-13T22:48:46Z">
          <reporter-output>
          </reporter-output>
        </test-method> <!-- verifyaddbook -->
        <test-method status="PASS" signature="close()[pri:0, instance:TestNG.addressbook@61832929]" name="close" is-config="true" duration-ms="2277" started-at="2019-05-13T22:48:46Z" finished-at="2019-05-13T22:48:49Z">
          <reporter-output>
          </reporter-output>
        </test-method> <!-- close -->
      </class> <!-- TestNG.addressbook -->
    </test> <!-- test -->
  </suite> <!-- Webdriver -->
</testng-results>
